<?xml version="1.0" encoding="utf-8" standalone="no"?>
<!--This file represents the results of running a test suite-->
<test-results name="C:\Users\Danny\Documents\Visual Studio 2012\Projects\Clockwork2D\Clockwork2D\bin\Debug\Clockwork2D.exe" total="0" errors="0" failures="0" not-run="0" inconclusive="0" ignored="0" skipped="0" invalid="0" date="2013-09-09" time="23:08:53">
  <environment nunit-version="2.6.2.12296" clr-version="2.0.50727.5472" os-version="Microsoft Windows NT 6.1.7601 Service Pack 1" platform="Win32NT" cwd="C:\Program Files (x86)\NUnit 2.6.2\bin" machine-name="DANNY-PC" user="Danny" user-domain="Danny-PC" />
  <culture-info current-culture="en-AU" current-uiculture="en-US" />
  <test-suite type="Assembly" name="C:\Users\Danny\Documents\Visual Studio 2012\Projects\Clockwork2D\Clockwork2D\bin\Debug\Clockwork2D.exe" executed="True" result="Inconclusive" success="False" time="0.001" asserts="0" />
</test-results>