<?xml version="1.0" encoding="utf-8" standalone="no"?>
<!--This file represents the results of running a test suite-->
<test-results name="C:\Users\Danny\Documents\Visual Studio 2012\Projects\GameLoop\GameLoop\bin\Debug\GameLoop.exe" total="26" errors="0" failures="0" not-run="0" inconclusive="0" ignored="0" skipped="0" invalid="0" date="2013-09-15" time="18:25:50">
  <environment nunit-version="2.6.2.12296" clr-version="2.0.50727.5472" os-version="Microsoft Windows NT 6.1.7601 Service Pack 1" platform="Win32NT" cwd="C:\Program Files (x86)\NUnit 2.6.2\bin" machine-name="DANNY-PC" user="Danny" user-domain="Danny-PC" />
  <culture-info current-culture="en-AU" current-uiculture="en-US" />
  <test-suite type="Assembly" name="C:\Users\Danny\Documents\Visual Studio 2012\Projects\GameLoop\GameLoop\bin\Debug\GameLoop.exe" executed="True" result="Success" success="True" time="2.545" asserts="0">
    <results>
      <test-suite type="Namespace" name="GameLoop" executed="True" result="Success" success="True" time="2.389" asserts="0">
        <results>
          <test-suite type="Namespace" name="Clockwork2DTests" executed="True" result="Success" success="True" time="0.961" asserts="0">
            <results>
              <test-suite type="TestFixture" name="TestPair" executed="True" result="Success" success="True" time="0.513" asserts="0">
                <results>
                  <test-case name="GameLoop.Clockwork2DTests.TestPair.GenerateContactPoints" executed="True" result="Success" success="True" time="0.238" asserts="0" />
                </results>
              </test-suite>
              <test-suite type="TestFixture" name="TestShape" executed="True" result="Success" success="True" time="0.210" asserts="0">
                <results>
                  <test-case name="GameLoop.Clockwork2DTests.TestShape.GetRadius" executed="True" result="Success" success="True" time="0.206" asserts="1" />
                  <test-case name="GameLoop.Clockwork2DTests.TestShape.SetUp" executed="True" result="Success" success="True" time="0.001" asserts="0" />
                </results>
              </test-suite>
              <test-suite type="TestFixture" name="TransformTest" executed="True" result="Success" success="True" time="0.015" asserts="0">
                <results>
                  <test-case name="GameLoop.Clockwork2DTests.TransformTest.GetTransform" executed="True" result="Success" success="True" time="0.011" asserts="1" />
                  <test-case name="GameLoop.Clockwork2DTests.TransformTest.SetTransform" executed="True" result="Success" success="True" time="0.001" asserts="1" />
                </results>
              </test-suite>
            </results>
          </test-suite>
          <test-suite type="Namespace" name="GameLoopTests" executed="True" result="Success" success="True" time="1.294" asserts="0">
            <results>
              <test-suite type="TestFixture" name="FastLoopTest" executed="True" result="Success" success="True" time="0.209" asserts="0">
                <results>
                  <test-case name="GameLoop.GameLoopTests.FastLoopTest.CreateFastLoop" executed="True" result="Success" success="True" time="0.208" asserts="0" />
                </results>
              </test-suite>
              <test-suite type="TestFixture" name="PreciseTimerTest" executed="True" result="Success" success="True" time="0.004" asserts="0">
                <results>
                  <test-case name="GameLoop.GameLoopTests.PreciseTimerTest.CreatePreciseTimer" executed="True" result="Success" success="True" time="0.000" asserts="0" />
                  <test-case name="GameLoop.GameLoopTests.PreciseTimerTest.GetElapsedTimeTest" executed="True" result="Success" success="True" time="0.001" asserts="0" />
                </results>
              </test-suite>
              <test-suite type="TestFixture" name="StateSytemTest" executed="True" result="Success" success="True" time="0.241" asserts="0">
                <results>
                  <test-case name="GameLoop.GameLoopTests.StateSytemTest.CreateState" executed="True" result="Success" success="True" time="0.003" asserts="0" />
                  <test-case name="GameLoop.GameLoopTests.StateSytemTest.CreateStateSystem" executed="True" result="Success" success="True" time="0.001" asserts="0" />
                  <test-case name="GameLoop.GameLoopTests.StateSytemTest.StateSystemUpdateTest" executed="True" result="Success" success="True" time="0.000" asserts="0" />
                </results>
              </test-suite>
              <test-suite type="TestFixture" name="TitleMenuStateTest" executed="True" result="Success" success="True" time="0.809" asserts="0">
                <results>
                  <test-case name="GameLoop.GameLoopTests.TitleMenuStateTest.AddBodyTooScene" executed="True" result="Success" success="True" time="0.001" asserts="0" />
                  <test-case name="GameLoop.GameLoopTests.TitleMenuStateTest.RenderBodyToScene" executed="True" result="Success" success="True" time="0.805" asserts="0" />
                </results>
              </test-suite>
            </results>
          </test-suite>
          <test-suite type="TestFixture" name="TestTransform" executed="True" result="Success" success="True" time="0.004" asserts="0">
            <results>
              <test-case name="GameLoop.TestTransform.CreateTransform" executed="True" result="Success" success="True" time="0.000" asserts="0" />
              <test-case name="GameLoop.TestTransform.SetPosition" executed="True" result="Success" success="True" time="0.001" asserts="1" />
            </results>
          </test-suite>
          <test-suite type="TestFixture" name="TestVector2" executed="True" result="Success" success="True" time="0.101" asserts="0">
            <results>
              <test-case name="GameLoop.TestVector2.CreateVector2" executed="True" result="Success" success="True" time="0.001" asserts="0" />
              <test-suite type="ParameterizedTest" name="DistanceTest" executed="True" result="Success" success="True" time="0.045" asserts="0">
                <results>
                  <test-case name="GameLoop.TestVector2.DistanceTest(5,7,3,16)" executed="True" result="Success" success="True" time="0.038" asserts="1" />
                  <test-case name="GameLoop.TestVector2.DistanceTest(42,4,17,6)" executed="True" result="Success" success="True" time="0.000" asserts="1" />
                </results>
              </test-suite>
              <test-case name="GameLoop.TestVector2.DivideByScalar" executed="True" result="Success" success="True" time="0.002" asserts="2" />
              <test-case name="GameLoop.TestVector2.DotProduct" executed="True" result="Success" success="True" time="0.001" asserts="1" />
              <test-suite type="ParameterizedTest" name="MagnitudeTestVector2" executed="True" result="Success" success="True" time="0.004" asserts="0">
                <results>
                  <test-case name="GameLoop.TestVector2.MagnitudeTestVector2(3,19)" executed="True" result="Success" success="True" time="0.001" asserts="1" />
                  <test-case name="GameLoop.TestVector2.MagnitudeTestVector2(10,7)" executed="True" result="Success" success="True" time="0.000" asserts="1" />
                </results>
              </test-suite>
              <test-case name="GameLoop.TestVector2.MultiplyByScalarTest" executed="True" result="Success" success="True" time="0.001" asserts="2" />
              <test-suite type="ParameterizedTest" name="NormaliseVector2" executed="True" result="Success" success="True" time="0.002" asserts="0">
                <results>
                  <test-case name="GameLoop.TestVector2.NormaliseVector2(3,5)" executed="True" result="Success" success="True" time="0.001" asserts="2" />
                </results>
              </test-suite>
              <test-case name="GameLoop.TestVector2.Subtract2Vectors" executed="True" result="Success" success="True" time="0.000" asserts="2" />
              <test-case name="GameLoop.TestVector2.Sum2Vectors" executed="True" result="Success" success="True" time="0.001" asserts="2" />
            </results>
          </test-suite>
        </results>
      </test-suite>
    </results>
  </test-suite>
</test-results>